<?xml version="1.0" encoding="UTF-8"?>
<testng-results ignored="0" total="1" passed="1" failed="0" skipped="0">
  <reporter-output>
  </reporter-output>
  <suite started-at="2024-12-22T09:35:43 IST" name="Default suite" finished-at="2024-12-22T09:35:46 IST" duration-ms="2803">
    <groups>
    </groups>
    <test started-at="2024-12-22T09:35:43 IST" name="Default test" finished-at="2024-12-22T09:35:46 IST" duration-ms="2803">
      <class name="com.cdac.acts.AppTest">
        <test-method signature="inputValidation()[pri:0, instance:com.cdac.acts.AppTest@2d52216b]" started-at="2024-12-22T09:35:43 IST" name="inputValidation" finished-at="2024-12-22T09:35:46 IST" duration-ms="2759" status="PASS">
          <reporter-output>
          </reporter-output>
        </test-method> <!-- inputValidation -->
      </class> <!-- com.cdac.acts.AppTest -->
    </test> <!-- Default test -->
  </suite> <!-- Default suite -->
</testng-results>
